{"level":"info","message":"⚡️[redis]: Redis is running","timestamp":"2025-02-08 05:41:33"}
{"level":"info","message":"⚡️[mysql]: MySQL is running","timestamp":"2025-02-08 05:41:33"}
{"level":"info","message":"⚡️[server]: Server is running at http://localhost:3000","timestamp":"2025-02-08 05:41:33"}
{"level":"info","message":{"duration":"4ms","ip":"::1","method":"GET","path":"/top","statusCode":200,"userAgent":"PostmanRuntime/7.43.0"},"timestamp":"2025-02-08 05:41:58"}
{"level":"info","message":{"duration":"1ms","ip":"::1","method":"GET","path":"/top","statusCode":200,"userAgent":"PostmanRuntime/7.43.0"},"timestamp":"2025-02-08 05:41:58"}
{"level":"info","message":{"duration":"1ms","ip":"::1","method":"GET","path":"/top","statusCode":200,"userAgent":"PostmanRuntime/7.43.0"},"timestamp":"2025-02-08 05:42:00"}
{"level":"info","message":{"duration":"1ms","ip":"::1","method":"GET","path":"/top","statusCode":200,"userAgent":"PostmanRuntime/7.43.0"},"timestamp":"2025-02-08 05:42:01"}
{"level":"info","message":{"duration":"1ms","ip":"::1","method":"GET","path":"/top","statusCode":200,"userAgent":"PostmanRuntime/7.43.0"},"timestamp":"2025-02-08 05:42:01"}
{"level":"info","message":{"duration":"1ms","ip":"::1","method":"GET","path":"/top","statusCode":200,"userAgent":"PostmanRuntime/7.43.0"},"timestamp":"2025-02-08 05:42:03"}
{"level":"info","message":{"duration":"0ms","ip":"::1","method":"GET","path":"/top","statusCode":200,"userAgent":"PostmanRuntime/7.43.0"},"timestamp":"2025-02-08 05:42:04"}
{"level":"info","message":{"duration":"1ms","ip":"::1","method":"GET","path":"/top","statusCode":200,"userAgent":"PostmanRuntime/7.43.0"},"timestamp":"2025-02-08 05:42:05"}
{"level":"info","message":{"duration":"1ms","ip":"::1","method":"GET","path":"/top","statusCode":200,"userAgent":"PostmanRuntime/7.43.0"},"timestamp":"2025-02-08 05:42:05"}
{"level":"info","message":{"duration":"1ms","ip":"::1","method":"GET","path":"/top","statusCode":200,"userAgent":"PostmanRuntime/7.43.0"},"timestamp":"2025-02-08 05:42:06"}
{"level":"info","message":"⚡️[redis]: Redis is running","timestamp":"2025-02-08 05:42:31"}
{"level":"info","message":"⚡️[mysql]: MySQL is running","timestamp":"2025-02-08 05:42:31"}
{"level":"info","message":"⚡️[server]: Server is running at http://localhost:3000","timestamp":"2025-02-08 05:42:31"}
{"level":"info","message":"⚡️[redis]: Redis is running","timestamp":"2025-02-08 05:43:40"}
{"level":"info","message":"⚡️[mysql]: MySQL is running","timestamp":"2025-02-08 05:43:40"}
{"level":"info","message":"⚡️[server]: Server is running at http://localhost:3000","timestamp":"2025-02-08 05:43:40"}
{"level":"info","message":"⚡️[redis]: Redis is running","timestamp":"2025-02-08 05:45:09"}
{"level":"info","message":"⚡️[mysql]: MySQL is running","timestamp":"2025-02-08 05:45:09"}
{"level":"info","message":"⚡️[server]: Server is running at http://localhost:3000","timestamp":"2025-02-08 05:45:09"}
{"level":"info","message":"⚡️[redis]: Redis is running","timestamp":"2025-02-08 05:46:12"}
{"level":"info","message":"⚡️[mysql]: MySQL is running","timestamp":"2025-02-08 05:46:12"}
{"level":"info","message":"⚡️[server]: Server is running at http://localhost:3000","timestamp":"2025-02-08 05:46:12"}
{"level":"info","message":"⚡️[redis]: Redis is running","timestamp":"2025-02-08 05:48:04"}
{"level":"info","message":"⚡️[mysql]: MySQL is running","timestamp":"2025-02-08 05:48:04"}
{"level":"info","message":"⚡️[server]: Server is running at http://localhost:3000","timestamp":"2025-02-08 05:48:04"}
{"level":"info","message":"⚡️[redis]: Redis is running","timestamp":"2025-02-08 05:49:06"}
{"level":"info","message":"⚡️[mysql]: MySQL is running","timestamp":"2025-02-08 05:49:06"}
{"level":"info","message":"⚡️[server]: Server is running at http://localhost:3000","timestamp":"2025-02-08 05:49:06"}
{"level":"info","message":"⚡️[redis]: Redis is running","timestamp":"2025-02-08 05:51:36"}
{"level":"info","message":"⚡️[mysql]: MySQL is running","timestamp":"2025-02-08 05:51:36"}
{"level":"info","message":"⚡️[server]: Server is running at http://localhost:3000","timestamp":"2025-02-08 05:51:36"}
{"level":"info","message":"⚡️[redis]: Redis is running","timestamp":"2025-02-08 05:51:43"}
{"level":"info","message":"⚡️[mysql]: MySQL is running","timestamp":"2025-02-08 05:51:43"}
{"level":"info","message":"⚡️[server]: Server is running at http://localhost:3000","timestamp":"2025-02-08 05:51:43"}
{"level":"info","message":"⚡️[redis]: Redis is running","timestamp":"2025-02-08 05:51:47"}
{"level":"info","message":"⚡️[mysql]: MySQL is running","timestamp":"2025-02-08 05:51:47"}
{"level":"info","message":"⚡️[server]: Server is running at http://localhost:3000","timestamp":"2025-02-08 05:51:47"}
{"level":"info","message":"⚡️[redis]: Redis is running","timestamp":"2025-02-08 05:52:10"}
{"level":"info","message":"Database and tables initialized successfully","timestamp":"2025-02-08 05:52:10"}
{"level":"info","message":"⚡️[mysql]: MySQL is running","timestamp":"2025-02-08 05:52:10"}
{"level":"info","message":"⚡️[server]: Server is running at http://localhost:3000","timestamp":"2025-02-08 05:52:10"}
{"level":"info","message":"⚡️[redis]: Redis is running","timestamp":"2025-02-08 05:52:40"}
{"level":"info","message":"Database and tables initialized successfully","timestamp":"2025-02-08 05:52:40"}
{"level":"info","message":"⚡️[mysql]: MySQL is running","timestamp":"2025-02-08 05:52:40"}
{"level":"info","message":"⚡️[server]: Server is running at http://localhost:3000","timestamp":"2025-02-08 05:52:40"}
